
**** Build of configuration Debug for project render ****

make all 
Building file: ../src/ladder.c
Invoking: GCC C Compiler
gcc -O0 -g3 -Wall -c -fmessage-length=0 -MMD -MP -MF"src/ladder.d" -MT"src/ladder.d" -o "src/ladder.o" "../src/ladder.c"
Finished building: ../src/ladder.c
 
Building file: ../src/render.c
Invoking: GCC C Compiler
gcc -O0 -g3 -Wall -c -fmessage-length=0 -MMD -MP -MF"src/render.d" -MT"src/render.d" -o "src/render.o" "../src/render.c"
Finished building: ../src/render.c
 
Building target: render
Invoking: GCC C Linker
gcc  -o "render"  ./src/ladder.o ./src/render.o   
Finished building target: render
 

**** Build Finished ****

**** Build of configuration Debug for project render ****

make all 
make: Nothing to be done for `all'.

**** Build Finished ****

**** Build of configuration Debug for project render ****

make all 
make: Nothing to be done for `all'.

**** Build Finished ****

**** Build of configuration Debug for project render ****

make all 
Building file: ../src/render.c
Invoking: GCC C Compiler
gcc -O0 -g3 -Wall -c -fmessage-length=0 -MMD -MP -MF"src/render.d" -MT"src/render.d" -o "src/render.o" "../src/render.c"
In file included from ../src/render.c:3:
../src/ladder.h:15: error: flexible array member in otherwise empty struct
make: *** [src/render.o] Error 1

**** Build Finished ****

**** Build of configuration Debug for project render ****

make all 
Building file: ../src/render.c
Invoking: GCC C Compiler
gcc -O0 -g3 -Wall -c -fmessage-length=0 -MMD -MP -MF"src/render.d" -MT"src/render.d" -o "src/render.o" "../src/render.c"
In file included from ../src/render.c:3:
../src/ladder.h:15: error: flexible array member not at end of struct
make: *** [src/render.o] Error 1

**** Build Finished ****

**** Build of configuration Debug for project render ****

make all 
Building file: ../src/render.c
Invoking: GCC C Compiler
gcc -O0 -g3 -Wall -c -fmessage-length=0 -MMD -MP -MF"src/render.d" -MT"src/render.d" -o "src/render.o" "../src/render.c"
Finished building: ../src/render.c
 
Building target: render
Invoking: GCC C Linker
gcc  -o "render"  ./src/ladder.o ./src/render.o   
Finished building target: render
 

**** Build Finished ****

**** Build of configuration Debug for project render ****

make all 
Building file: ../src/render.c
Invoking: GCC C Compiler
gcc -O0 -g3 -Wall -c -fmessage-length=0 -MMD -MP -MF"src/render.d" -MT"src/render.d" -o "src/render.o" "../src/render.c"
In file included from ../src/render.c:3:
../src/ladder.h:16: error: expected specifier-qualifier-list before ‘unint16_t’
make: *** [src/render.o] Error 1

**** Build Finished ****

**** Build of configuration Debug for project render ****

make all 
Building file: ../src/ladder.c
Invoking: GCC C Compiler
gcc -O0 -g3 -Wall -c -fmessage-length=0 -MMD -MP -MF"src/ladder.d" -MT"src/ladder.d" -o "src/ladder.o" "../src/ladder.c"
../src/ladder.c:4: error: expected ‘=’, ‘,’, ‘;’, ‘asm’ or ‘__attribute__’ before ‘*’ token
make: *** [src/ladder.o] Error 1

**** Build Finished ****

**** Clean-only build of configuration Debug for project render ****

make clean 
rm -rf  ./src/ladder.o ./src/render.o  ./src/ladder.d ./src/render.d  render
 

**** Build Finished ****

**** Build of configuration Debug for project render ****

make all 
Building file: ../src/ladder.c
Invoking: GCC C Compiler
gcc -O0 -g3 -Wall -c -fmessage-length=0 -MMD -MP -MF"src/ladder.d" -MT"src/ladder.d" -o "src/ladder.o" "../src/ladder.c"
../src/ladder.c: In function ‘ll_push’:
../src/ladder.c:7: warning: control reaches end of non-void function
Finished building: ../src/ladder.c
 
Building file: ../src/render.c
Invoking: GCC C Compiler
gcc -O0 -g3 -Wall -c -fmessage-length=0 -MMD -MP -MF"src/render.d" -MT"src/render.d" -o "src/render.o" "../src/render.c"
Finished building: ../src/render.c
 
Building target: render
Invoking: GCC C Linker
gcc  -o "render"  ./src/ladder.o ./src/render.o   
Finished building target: render
 

**** Build Finished ****

**** Build of configuration Debug for project render ****

make all 
Building file: ../src/ladder.c
Invoking: GCC C Compiler
gcc -O0 -g3 -Wall -c -fmessage-length=0 -MMD -MP -MF"src/ladder.d" -MT"src/ladder.d" -o "src/ladder.o" "../src/ladder.c"
../src/ladder.c: In function ‘ll_push’:
../src/ladder.c:7: warning: control reaches end of non-void function
Finished building: ../src/ladder.c
 
Building file: ../src/render.c
Invoking: GCC C Compiler
gcc -O0 -g3 -Wall -c -fmessage-length=0 -MMD -MP -MF"src/render.d" -MT"src/render.d" -o "src/render.o" "../src/render.c"
Finished building: ../src/render.c
 
Building target: render
Invoking: GCC C Linker
gcc  -o "render"  ./src/ladder.o ./src/render.o   
Finished building target: render
 

**** Build Finished ****

**** Build of configuration Debug for project render ****

make all 
Building file: ../src/ladder.c
Invoking: GCC C Compiler
gcc -O0 -g3 -Wall -c -fmessage-length=0 -MMD -MP -MF"src/ladder.d" -MT"src/ladder.d" -o "src/ladder.o" "../src/ladder.c"
../src/ladder.c: In function ‘ll_push’:
../src/ladder.c:7: warning: control reaches end of non-void function
Finished building: ../src/ladder.c
 
Building target: render
Invoking: GCC C Linker
gcc  -o "render"  ./src/ladder.o ./src/render.o   
Finished building target: render
 

**** Build Finished ****

**** Build of configuration Debug for project render ****

make all 
Building file: ../src/ladder.c
Invoking: GCC C Compiler
gcc -O0 -g3 -Wall -c -fmessage-length=0 -MMD -MP -MF"src/ladder.d" -MT"src/ladder.d" -o "src/ladder.o" "../src/ladder.c"
../src/ladder.c: In function ‘initialize’:
../src/ladder.c:9: warning: implicit declaration of function ‘populate’
../src/ladder.c:11: warning: implicit declaration of function ‘trivial_sort’
../src/ladder.c:14: warning: implicit declaration of function ‘ll_link’
../src/ladder.c:14: warning: return makes pointer from integer without a cast
../src/ladder.c: At top level:
../src/ladder.c:18: warning: conflicting types for ‘trivial_sort’
../src/ladder.c:11: note: previous implicit declaration of ‘trivial_sort’ was here
../src/ladder.c: In function ‘trivial_sort’:
../src/ladder.c:25: warning: assignment makes integer from pointer without a cast
../src/ladder.c:32: warning: comparison between pointer and integer
../src/ladder.c:34: warning: implicit declaration of function ‘shift_after’
../src/ladder.c:35: warning: assignment makes pointer from integer without a cast
../src/ladder.c: At top level:
../src/ladder.c:44: warning: conflicting types for ‘populate’
../src/ladder.c:9: note: previous implicit declaration of ‘populate’ was here
../src/ladder.c:55: warning: conflicting types for ‘shift_after’
../src/ladder.c:34: note: previous implicit declaration of ‘shift_after’ was here
../src/ladder.c:77: error: conflicting types for ‘ll_link’
../src/ladder.c:14: note: previous implicit declaration of ‘ll_link’ was here
../src/ladder.c: In function ‘ll_link’:
../src/ladder.c:84: warning: comparison with string literal results in unspecified behavior
../src/ladder.c:86: warning: implicit declaration of function ‘nsoft’
../src/ladder.c:86: error: incompatible types when assigning to type ‘SoftItem’ from type ‘int’
../src/ladder.c:87: error: invalid type argument of ‘->’ (have ‘SoftItem’)
../src/ladder.c:88: error: incompatible types when assigning to type ‘struct SoftItem *’ from type ‘SoftItem’
../src/ladder.c: At top level:
../src/ladder.c:114: error: conflicting types for ‘nsoft’
../src/ladder.c:86: note: previous implicit declaration of ‘nsoft’ was here
make: *** [src/ladder.o] Error 1

**** Build Finished ****

**** Build of configuration Debug for project render ****

make all 
Building file: ../src/ladder.c
Invoking: GCC C Compiler
gcc -O0 -g3 -Wall -c -fmessage-length=0 -MMD -MP -MF"src/ladder.d" -MT"src/ladder.d" -o "src/ladder.o" "../src/ladder.c"
In file included from ../src/ladder.c:1:
../src/ladder.h:15: error: expected ‘=’, ‘,’, ‘;’, ‘asm’ or ‘__attribute__’ before ‘*’ token
../src/ladder.h:19: error: expected ‘=’, ‘,’, ‘;’, ‘asm’ or ‘__attribute__’ before ‘*’ token
../src/ladder.h:20: error: expected ‘=’, ‘,’, ‘;’, ‘asm’ or ‘__attribute__’ before ‘*’ token
../src/ladder.h:21: error: expected ‘)’ before ‘*’ token
../src/ladder.c: In function ‘initialize’:
../src/ladder.c:14: warning: implicit declaration of function ‘ll_link’
../src/ladder.c:14: warning: return makes pointer from integer without a cast
../src/ladder.c: In function ‘trivial_sort’:
../src/ladder.c:25: warning: assignment makes integer from pointer without a cast
../src/ladder.c:32: warning: comparison between pointer and integer
../src/ladder.c:35: warning: assignment makes pointer from integer without a cast
../src/ladder.c: At top level:
../src/ladder.c:77: error: conflicting types for ‘ll_link’
../src/ladder.c:14: note: previous implicit declaration of ‘ll_link’ was here
../src/ladder.c: In function ‘ll_link’:
../src/ladder.c:84: warning: comparison with string literal results in unspecified behavior
../src/ladder.c:86: warning: implicit declaration of function ‘nsoft’
../src/ladder.c:86: error: incompatible types when assigning to type ‘SoftItem’ from type ‘int’
../src/ladder.c:87: error: invalid type argument of ‘->’ (have ‘SoftItem’)
../src/ladder.c:88: error: incompatible types when assigning to type ‘struct SoftItem *’ from type ‘SoftItem’
../src/ladder.c: At top level:
../src/ladder.c:114: error: conflicting types for ‘nsoft’
../src/ladder.c:86: note: previous implicit declaration of ‘nsoft’ was here
make: *** [src/ladder.o] Error 1

**** Build Finished ****

**** Build of configuration Debug for project render ****

make all 
Building file: ../src/ladder.c
Invoking: GCC C Compiler
gcc -O0 -g3 -Wall -c -fmessage-length=0 -MMD -MP -MF"src/ladder.d" -MT"src/ladder.d" -o "src/ladder.o" "../src/ladder.c"
../src/ladder.c: In function ‘trivial_sort’:
../src/ladder.c:25: warning: assignment makes integer from pointer without a cast
../src/ladder.c:32: warning: comparison between pointer and integer
../src/ladder.c:35: warning: assignment makes pointer from integer without a cast
../src/ladder.c: In function ‘ll_link’:
../src/ladder.c:84: warning: comparison with string literal results in unspecified behavior
../src/ladder.c:86: error: incompatible types when assigning to type ‘SoftItem’ from type ‘struct SoftItem *’
../src/ladder.c:87: error: invalid type argument of ‘->’ (have ‘SoftItem’)
../src/ladder.c:88: error: incompatible types when assigning to type ‘struct SoftItem *’ from type ‘SoftItem’
make: *** [src/ladder.o] Error 1

**** Build Finished ****

**** Build of configuration Debug for project render ****

make all 
Building file: ../src/ladder.c
Invoking: GCC C Compiler
gcc -O0 -g3 -Wall -c -fmessage-length=0 -MMD -MP -MF"src/ladder.d" -MT"src/ladder.d" -o "src/ladder.o" "../src/ladder.c"
../src/ladder.c: In function ‘ll_link’:
../src/ladder.c:85: warning: comparison with string literal results in unspecified behavior
../src/ladder.c:87: error: incompatible types when assigning to type ‘SoftItem’ from type ‘struct SoftItem *’
../src/ladder.c:88: error: invalid type argument of ‘->’ (have ‘SoftItem’)
../src/ladder.c:89: error: incompatible types when assigning to type ‘struct SoftItem *’ from type ‘SoftItem’
make: *** [src/ladder.o] Error 1

**** Build Finished ****

**** Build of configuration Debug for project render ****

make all 
Building file: ../src/ladder.c
Invoking: GCC C Compiler
gcc -O0 -g3 -Wall -c -fmessage-length=0 -MMD -MP -MF"src/ladder.d" -MT"src/ladder.d" -o "src/ladder.o" "../src/ladder.c"
../src/ladder.c: In function ‘ll_link’:
../src/ladder.c:84: warning: comparison with string literal results in unspecified behavior
../src/ladder.c:86: error: incompatible types when assigning to type ‘SoftItem’ from type ‘struct SoftItem *’
../src/ladder.c:87: error: invalid type argument of ‘->’ (have ‘SoftItem’)
../src/ladder.c:88: error: incompatible types when assigning to type ‘struct SoftItem *’ from type ‘SoftItem’
make: *** [src/ladder.o] Error 1

**** Build Finished ****

**** Build of configuration Debug for project render ****

make all 
Building file: ../src/ladder.c
Invoking: GCC C Compiler
gcc -O0 -g3 -Wall -c -fmessage-length=0 -MMD -MP -MF"src/ladder.d" -MT"src/ladder.d" -o "src/ladder.o" "../src/ladder.c"
../src/ladder.c: In function ‘ll_link’:
../src/ladder.c:84: warning: comparison with string literal results in unspecified behavior
Finished building: ../src/ladder.c
 
Building file: ../src/render.c
Invoking: GCC C Compiler
gcc -O0 -g3 -Wall -c -fmessage-length=0 -MMD -MP -MF"src/render.d" -MT"src/render.d" -o "src/render.o" "../src/render.c"
Finished building: ../src/render.c
 
Building target: render
Invoking: GCC C Linker
gcc  -o "render"  ./src/ladder.o ./src/render.o   
Finished building target: render
 

**** Build Finished ****

**** Build of configuration Debug for project render ****

make all 
Building file: ../src/ladder.c
Invoking: GCC C Compiler
gcc -O0 -g3 -Wall -c -fmessage-length=0 -MMD -MP -MF"src/ladder.d" -MT"src/ladder.d" -o "src/ladder.o" "../src/ladder.c"
../src/ladder.c: In function ‘ll_link’:
../src/ladder.c:84: warning: implicit declaration of function ‘strcmp’
Finished building: ../src/ladder.c
 
Building file: ../src/render.c
Invoking: GCC C Compiler
gcc -O0 -g3 -Wall -c -fmessage-length=0 -MMD -MP -MF"src/render.d" -MT"src/render.d" -o "src/render.o" "../src/render.c"
Finished building: ../src/render.c
 
Building target: render
Invoking: GCC C Linker
gcc  -o "render"  ./src/ladder.o ./src/render.o   
Finished building target: render
 

**** Build Finished ****

**** Build of configuration Debug for project render ****

make all 
Building file: ../src/ladder.c
Invoking: GCC C Compiler
gcc -O0 -g3 -Wall -c -fmessage-length=0 -MMD -MP -MF"src/ladder.d" -MT"src/ladder.d" -o "src/ladder.o" "../src/ladder.c"
Finished building: ../src/ladder.c
 
Building file: ../src/render.c
Invoking: GCC C Compiler
gcc -O0 -g3 -Wall -c -fmessage-length=0 -MMD -MP -MF"src/render.d" -MT"src/render.d" -o "src/render.o" "../src/render.c"
Finished building: ../src/render.c
 
Building target: render
Invoking: GCC C Linker
gcc  -o "render"  ./src/ladder.o ./src/render.o   
Finished building target: render
 

**** Build Finished ****

**** Build of configuration Debug for project render ****

make all 
Building file: ../src/ladder.c
Invoking: GCC C Compiler
gcc -O0 -g3 -Wall -c -fmessage-length=0 -MMD -MP -MF"src/ladder.d" -MT"src/ladder.d" -o "src/ladder.o" "../src/ladder.c"
Finished building: ../src/ladder.c
 
Building target: render
Invoking: GCC C Linker
gcc  -o "render"  ./src/ladder.o ./src/render.o   
Finished building target: render
 

**** Build Finished ****

**** Build of configuration Debug for project render ****

make all 
Building file: ../src/ladder.c
Invoking: GCC C Compiler
gcc -O0 -g3 -Wall -c -fmessage-length=0 -MMD -MP -MF"src/ladder.d" -MT"src/ladder.d" -o "src/ladder.o" "../src/ladder.c"
Finished building: ../src/ladder.c
 
Building target: render
Invoking: GCC C Linker
gcc  -o "render"  ./src/ladder.o ./src/render.o   
Finished building target: render
 

**** Build Finished ****

**** Build of configuration Debug for project render ****

make all 
Building file: ../src/render.c
Invoking: GCC C Compiler
gcc -O0 -g3 -Wall -c -fmessage-length=0 -MMD -MP -MF"src/render.d" -MT"src/render.d" -o "src/render.o" "../src/render.c"
Finished building: ../src/render.c
 
Building target: render
Invoking: GCC C Linker
gcc  -o "render"  ./src/ladder.o ./src/render.o   
Finished building target: render
 

**** Build Finished ****

**** Build of configuration Debug for project render ****

make all 
make: Nothing to be done for `all'.

**** Build Finished ****

**** Build of configuration Debug for project render ****

make all 
Building file: ../src/render.c
Invoking: GCC C Compiler
gcc -O0 -g3 -Wall -c -fmessage-length=0 -MMD -MP -MF"src/render.d" -MT"src/render.d" -o "src/render.o" "../src/render.c"
Finished building: ../src/render.c
 
Building target: render
Invoking: GCC C Linker
gcc  -o "render"  ./src/ladder.o ./src/render.o   
Finished building target: render
 

**** Build Finished ****

**** Build of configuration Debug for project render ****

make all 
make: Nothing to be done for `all'.

**** Build Finished ****

**** Build of configuration Debug for project render ****

make all 
make: Nothing to be done for `all'.

**** Build Finished ****

**** Build of configuration Debug for project render ****

make all 
make: Nothing to be done for `all'.

**** Build Finished ****

**** Build of configuration Debug for project render ****

make all 
make: Nothing to be done for `all'.

**** Build Finished ****

**** Build of configuration Debug for project render ****

make all 
Building file: ../src/render.c
Invoking: GCC C Compiler
gcc -O0 -g3 -Wall -c -fmessage-length=0 -MMD -MP -MF"src/render.d" -MT"src/render.d" -o "src/render.o" "../src/render.c"
Finished building: ../src/render.c
 
Building target: render
Invoking: GCC C Linker
gcc  -o "render"  ./src/ladder.o ./src/render.o   
Finished building target: render
 

**** Build Finished ****

**** Build of configuration Debug for project render ****

make all 
Building file: ../src/render.c
Invoking: GCC C Compiler
gcc -O0 -g3 -Wall -c -fmessage-length=0 -MMD -MP -MF"src/render.d" -MT"src/render.d" -o "src/render.o" "../src/render.c"
Finished building: ../src/render.c
 
Building target: render
Invoking: GCC C Linker
gcc  -o "render"  ./src/ladder.o ./src/render.o   
Finished building target: render
 

**** Build Finished ****

**** Build of configuration Debug for project render ****

make all 
make: Nothing to be done for `all'.

**** Build Finished ****

**** Build of configuration Debug for project render ****

make all 
Building file: ../src/ladder.c
Invoking: GCC C Compiler
gcc -O0 -g3 -Wall -c -fmessage-length=0 -MMD -MP -MF"src/ladder.d" -MT"src/ladder.d" -o "src/ladder.o" "../src/ladder.c"
Finished building: ../src/ladder.c
 
Building target: render
Invoking: GCC C Linker
gcc  -o "render"  ./src/ladder.o ./src/render.o   
Finished building target: render
 

**** Build Finished ****

**** Build of configuration Debug for project render ****

make all 
Building file: ../src/ladder.c
Invoking: GCC C Compiler
gcc -O0 -g3 -Wall -c -fmessage-length=0 -MMD -MP -MF"src/ladder.d" -MT"src/ladder.d" -o "src/ladder.o" "../src/ladder.c"
Finished building: ../src/ladder.c
 
Building target: render
Invoking: GCC C Linker
gcc  -o "render"  ./src/ladder.o ./src/render.o   
Finished building target: render
 

**** Build Finished ****

**** Build of configuration Debug for project render ****

make all 
make: Nothing to be done for `all'.

**** Build Finished ****
